<?xml version="1.0" encoding="UTF-8"?>
<testsuite xmlns:xsi="http://www.w3.org/2001/XMLSchema-instance" xsi:noNamespaceSchemaLocation="https://maven.apache.org/surefire/maven-surefire-plugin/xsd/surefire-test-report-3.0.xsd" version="3.0" name="br.ce.wcaquino.servicos.LocacaoServiceTest" time="0.083" tests="9" errors="0" skipped="1" failures="0">
  <properties>
    <property name="java.specification.version" value="17"/>
    <property name="sun.cpu.isalist" value="amd64"/>
    <property name="sun.jnu.encoding" value="Cp1252"/>
    <property name="java.class.path" value="E:\Edson\Documents\Estudo\Testes Unitários\TestesUnitarios\target\test-classes;E:\Edson\Documents\Estudo\Testes Unitários\TestesUnitarios\target\classes;C:\Users\edk15\.m2\repository\org\junit\jupiter\junit-jupiter-api\5.10.0\junit-jupiter-api-5.10.0.jar;C:\Users\edk15\.m2\repository\org\opentest4j\opentest4j\1.3.0\opentest4j-1.3.0.jar;C:\Users\edk15\.m2\repository\org\junit\platform\junit-platform-commons\1.10.0\junit-platform-commons-1.10.0.jar;C:\Users\edk15\.m2\repository\org\apiguardian\apiguardian-api\1.1.2\apiguardian-api-1.1.2.jar;C:\Users\edk15\.m2\repository\org\junit\jupiter\junit-jupiter-params\5.10.0\junit-jupiter-params-5.10.0.jar;C:\Users\edk15\.m2\repository\org\hamcrest\hamcrest\2.2\hamcrest-2.2.jar;C:\Users\edk15\.m2\repository\org\projectlombok\lombok\1.18.36\lombok-1.18.36.jar;C:\Users\edk15\.m2\repository\junit\junit\4.13.2\junit-4.13.2.jar;C:\Users\edk15\.m2\repository\org\hamcrest\hamcrest-core\1.3\hamcrest-core-1.3.jar;C:\Users\edk15\.m2\repository\org\mockito\mockito-core\4.6.1\mockito-core-4.6.1.jar;C:\Users\edk15\.m2\repository\net\bytebuddy\byte-buddy\1.12.10\byte-buddy-1.12.10.jar;C:\Users\edk15\.m2\repository\net\bytebuddy\byte-buddy-agent\1.12.10\byte-buddy-agent-1.12.10.jar;C:\Users\edk15\.m2\repository\org\objenesis\objenesis\3.2\objenesis-3.2.jar;"/>
    <property name="java.vm.vendor" value="Oracle Corporation"/>
    <property name="sun.arch.data.model" value="64"/>
    <property name="user.variant" value=""/>
    <property name="java.vendor.url" value="https://java.oracle.com/"/>
    <property name="user.timezone" value="America/Sao_Paulo"/>
    <property name="user.country.format" value="BR"/>
    <property name="os.name" value="Windows 11"/>
    <property name="java.vm.specification.version" value="17"/>
    <property name="sun.java.launcher" value="SUN_STANDARD"/>
    <property name="user.country" value="US"/>
    <property name="sun.boot.library.path" value="E:\Program Files\Java\jdk-17\bin"/>
    <property name="sun.java.command" value="C:\Users\edk15\AppData\Local\Temp\surefire4372559360335406633\surefirebooter-20250131223006166_3.jar C:\Users\edk15\AppData\Local\Temp\surefire4372559360335406633 2025-01-31T22-30-05_957-jvmRun1 surefire-20250131223006166_1tmp surefire_0-20250131223006166_2tmp"/>
    <property name="jdk.debug" value="release"/>
    <property name="surefire.test.class.path" value="E:\Edson\Documents\Estudo\Testes Unitários\TestesUnitarios\target\test-classes;E:\Edson\Documents\Estudo\Testes Unitários\TestesUnitarios\target\classes;C:\Users\edk15\.m2\repository\org\junit\jupiter\junit-jupiter-api\5.10.0\junit-jupiter-api-5.10.0.jar;C:\Users\edk15\.m2\repository\org\opentest4j\opentest4j\1.3.0\opentest4j-1.3.0.jar;C:\Users\edk15\.m2\repository\org\junit\platform\junit-platform-commons\1.10.0\junit-platform-commons-1.10.0.jar;C:\Users\edk15\.m2\repository\org\apiguardian\apiguardian-api\1.1.2\apiguardian-api-1.1.2.jar;C:\Users\edk15\.m2\repository\org\junit\jupiter\junit-jupiter-params\5.10.0\junit-jupiter-params-5.10.0.jar;C:\Users\edk15\.m2\repository\org\hamcrest\hamcrest\2.2\hamcrest-2.2.jar;C:\Users\edk15\.m2\repository\org\projectlombok\lombok\1.18.36\lombok-1.18.36.jar;C:\Users\edk15\.m2\repository\junit\junit\4.13.2\junit-4.13.2.jar;C:\Users\edk15\.m2\repository\org\hamcrest\hamcrest-core\1.3\hamcrest-core-1.3.jar;C:\Users\edk15\.m2\repository\org\mockito\mockito-core\4.6.1\mockito-core-4.6.1.jar;C:\Users\edk15\.m2\repository\net\bytebuddy\byte-buddy\1.12.10\byte-buddy-1.12.10.jar;C:\Users\edk15\.m2\repository\net\bytebuddy\byte-buddy-agent\1.12.10\byte-buddy-agent-1.12.10.jar;C:\Users\edk15\.m2\repository\org\objenesis\objenesis\3.2\objenesis-3.2.jar;"/>
    <property name="sun.cpu.endian" value="little"/>
    <property name="user.home" value="C:\Users\edk15"/>
    <property name="user.language" value="en"/>
    <property name="java.specification.vendor" value="Oracle Corporation"/>
    <property name="java.version.date" value="2023-10-17"/>
    <property name="java.home" value="E:\Program Files\Java\jdk-17"/>
    <property name="file.separator" value="\"/>
    <property name="basedir" value="E:\Edson\Documents\Estudo\Testes Unitários\TestesUnitarios"/>
    <property name="java.vm.compressedOopsMode" value="Zero based"/>
    <property name="line.separator" value="&#10;"/>
    <property name="java.vm.specification.vendor" value="Oracle Corporation"/>
    <property name="java.specification.name" value="Java Platform API Specification"/>
    <property name="surefire.real.class.path" value="C:\Users\edk15\AppData\Local\Temp\surefire4372559360335406633\surefirebooter-20250131223006166_3.jar"/>
    <property name="user.script" value=""/>
    <property name="sun.management.compiler" value="HotSpot 64-Bit Tiered Compilers"/>
    <property name="java.runtime.version" value="17.0.9+11-LTS-201"/>
    <property name="user.name" value="edk15"/>
    <property name="path.separator" value=";"/>
    <property name="os.version" value="10.0"/>
    <property name="java.runtime.name" value="Java(TM) SE Runtime Environment"/>
    <property name="file.encoding" value="Cp1252"/>
    <property name="java.vm.name" value="Java HotSpot(TM) 64-Bit Server VM"/>
    <property name="localRepository" value="C:\Users\edk15\.m2\repository"/>
    <property name="java.vendor.url.bug" value="https://bugreport.java.com/bugreport/"/>
    <property name="java.io.tmpdir" value="C:\Users\edk15\AppData\Local\Temp\"/>
    <property name="idea.version" value="2024.3.1.1"/>
    <property name="java.version" value="17.0.9"/>
    <property name="user.dir" value="E:\Edson\Documents\Estudo\Testes Unitários\TestesUnitarios"/>
    <property name="os.arch" value="amd64"/>
    <property name="java.vm.specification.name" value="Java Virtual Machine Specification"/>
    <property name="user.language.format" value="pt"/>
    <property name="sun.os.patch.level" value=""/>
    <property name="native.encoding" value="Cp1252"/>
    <property name="java.library.path" value="E:\Program Files\Java\jdk-17\bin;C:\WINDOWS\Sun\Java\bin;C:\WINDOWS\system32;C:\WINDOWS;C:\Program Files\Common Files\Oracle\Java\javapath;C:\WINDOWS\system32;C:\WINDOWS;C:\WINDOWS\System32\Wbem;C:\WINDOWS\System32\WindowsPowerShell\v1.0\;C:\WINDOWS\System32\OpenSSH\;C:\Program Files\Docker\Docker\resources\bin;E:\Program Files\Gradle\gradle-8.6\bin;C:\Program Files\Git\cmd;C:\Program Files\dotnet\;C:\Program Files\MySQL\MySQL Shell 8.0\bin\;C:\Users\edk15\AppData\Local\Programs\Python\Python312\Scripts\;C:\Users\edk15\AppData\Local\Programs\Python\Python312\;C:\Users\edk15\AppData\Local\Microsoft\WindowsApps;;E:\Program Files\IntelliJ IDEA Community Edition 2023.2.5\bin;;C:\Users\edk15\AppData\Local\Programs\Microsoft VS Code\bin;."/>
    <property name="java.vm.info" value="mixed mode, sharing"/>
    <property name="java.vendor" value="Oracle Corporation"/>
    <property name="java.vm.version" value="17.0.9+11-LTS-201"/>
    <property name="sun.io.unicode.encoding" value="UnicodeLittle"/>
    <property name="java.class.version" value="61.0"/>
  </properties>
  <testcase name="naoDeveAlugarFilmeSemFilme" classname="br.ce.wcaquino.servicos.LocacaoServiceTest" time="0.014"/>
  <testcase name="naoDeveAlugarFilmeSemEstoque" classname="br.ce.wcaquino.servicos.LocacaoServiceTest" time="0.003"/>
  <testcase name="deveProrrogarUmaLocacao" classname="br.ce.wcaquino.servicos.LocacaoServiceTest" time="0.023"/>
  <testcase name="deveTratarErroNoSPC" classname="br.ce.wcaquino.servicos.LocacaoServiceTest" time="0.008"/>
  <testcase name="naoDeveAlugarFilmeParaNegativadoSPC" classname="br.ce.wcaquino.servicos.LocacaoServiceTest" time="0.006"/>
  <testcase name="deveDevolverNaSegundaAoAlugarNoSabado" classname="br.ce.wcaquino.servicos.LocacaoServiceTest" time="0.0">
    <skipped type="org.opentest4j.TestAbortedException"><![CDATA[org.opentest4j.TestAbortedException: Assumption failed: assumption is not true
	at org.junit.jupiter.api.Assumptions.throwAssumptionFailed(Assumptions.java:316)
	at org.junit.jupiter.api.Assumptions.assumeTrue(Assumptions.java:115)
	at org.junit.jupiter.api.Assumptions.assumeTrue(Assumptions.java:66)
	at br.ce.wcaquino.servicos.LocacaoServiceTest.deveDevolverNaSegundaAoAlugarNoSabado(LocacaoServiceTest.java:107)
	at java.base/java.lang.reflect.Method.invoke(Method.java:568)
	at java.base/java.util.ArrayList.forEach(ArrayList.java:1511)
	at java.base/java.util.ArrayList.forEach(ArrayList.java:1511)
]]></skipped>
  </testcase>
  <testcase name="naoDeveAlugarFilmeSemUsuario" classname="br.ce.wcaquino.servicos.LocacaoServiceTest" time="0.002"/>
  <testcase name="enviarEmailParaLocacoesAtrasadas" classname="br.ce.wcaquino.servicos.LocacaoServiceTest" time="0.005"/>
  <testcase name="deveAlugarFilme" classname="br.ce.wcaquino.servicos.LocacaoServiceTest" time="0.004"/>
</testsuite>